<?xml version="1.0" encoding="UTF-8"?>
<!-- Generated by org.testng.reporters.JUnitReportReporter -->
<testsuite hostname="LoadRunner-PC" name="testng.NewTest" tests="3" failures="0" timestamp="18 Aug 2016 13:56:57 GMT" time="0.015" errors="0">
  <testcase name="a" time="0.000" classname="testng.NewTest"/>
  <testcase name="f" time="0.000" classname="testng.NewTest"/>
  <testcase name="z" time="0.015" classname="testng.NewTest"/>
</testsuite> <!-- testng.NewTest -->
