<?xml version="1.0" encoding="UTF-8"?>
<!-- Generated by org.testng.reporters.JUnitReportReporter -->
<testsuite hostname="LoadRunner-PC" name="testng.RadioButton1" tests="1" failures="0" timestamp="18 Aug 2016 14:25:35 GMT" time="27.324" errors="0">
  <testcase name="f" time="27.324" classname="testng.RadioButton1"/>
</testsuite> <!-- testng.RadioButton1 -->
