<?xml version="1.0" encoding="UTF-8"?>
<!-- Generated by org.testng.reporters.JUnitReportReporter -->
<testsuite hostname="LoadRunner-PC" name="testng.CheckBoxesTesting2" tests="1" failures="0" timestamp="19 Aug 2016 14:01:57 GMT" time="25.019" errors="0">
  <testcase name="checkBoxesTest" time="25.019" classname="testng.CheckBoxesTesting2"/>
</testsuite> <!-- testng.CheckBoxesTesting2 -->
