<?xml version="1.0" encoding="UTF-8"?>
<!-- Generated by org.testng.reporters.JUnitReportReporter -->
<testsuite hostname="LoadRunner-PC" name="testng.Radiobutton2" tests="1" failures="0" timestamp="18 Aug 2016 14:43:37 GMT" time="81.818" errors="0">
  <testcase name="f" time="81.818" classname="testng.Radiobutton2"/>
</testsuite> <!-- testng.Radiobutton2 -->
