<?xml version="1.0" encoding="UTF-8"?>
<!-- Generated by org.testng.reporters.JUnitReportReporter -->
<testsuite hostname="LoadRunner-PC" name="testng.CheckBoxesTesting1" tests="1" failures="0" timestamp="19 Aug 2016 13:40:40 GMT" time="15.904" errors="0">
  <testcase name="checkBoxesTest" time="15.904" classname="testng.CheckBoxesTesting1"/>
</testsuite> <!-- testng.CheckBoxesTesting1 -->
